TN:
SF:src/App.jsx
FN:10,App
FNF:1
FNH:0
FNDA:0,App
DA:11,0
LF:1
LH:0
BRF:0
BRH:0
end_of_record
TN:
SF:src/components/Header.jsx
FN:4,Header
FN:8,handleLogout
FN:21,(anonymous_2)
FN:26,(anonymous_3)
FNF:4
FNH:0
FNDA:0,Header
FNDA:0,handleLogout
FNDA:0,(anonymous_2)
FNDA:0,(anonymous_3)
DA:5,0
DA:6,0
DA:9,0
DA:10,0
DA:13,0
DA:21,0
DA:26,0
LF:7
LH:0
BRDA:21,0,0,0
BRDA:21,0,1,0
BRDA:24,1,0,0
BRDA:24,1,1,0
BRDA:26,2,0,0
BRDA:26,2,1,0
BRF:6
BRH:0
end_of_record
TN:
SF:src/components/ProtectedRoute.jsx
FN:4,ProtectedRoute
FNF:1
FNH:1
FNDA:3,ProtectedRoute
DA:5,3
DA:6,3
DA:8,3
DA:9,1
DA:19,2
DA:20,1
DA:23,1
LF:7
LH:7
BRDA:8,0,0,1
BRDA:8,0,1,2
BRDA:19,1,0,1
BRDA:19,1,1,1
BRF:4
BRH:4
end_of_record
TN:
SF:src/components/StarRating.jsx
FN:1,StarRating
FN:7,(anonymous_1)
FN:13,(anonymous_2)
FNF:3
FNH:3
FNDA:2,StarRating
FNDA:10,(anonymous_1)
FNDA:1,(anonymous_2)
DA:2,2
DA:3,2
DA:5,2
DA:8,10
DA:13,1
LF:5
LH:5
BRDA:1,0,0,2
BRDA:1,1,0,2
BRDA:11,2,0,5
BRDA:11,2,1,5
BRDA:11,3,0,5
BRDA:11,3,1,5
BRDA:13,4,0,1
BRDA:13,4,1,5
BRDA:14,5,0,8
BRDA:14,5,1,2
BRF:10
BRH:10
end_of_record
TN:
SF:src/context/AuthContext.jsx
FN:6,AuthProvider
FN:12,(anonymous_1)
FN:16,(anonymous_2)
FN:22,(anonymous_3)
FN:27,(anonymous_4)
FN:33,(anonymous_5)
FN:39,(anonymous_6)
FN:44,(anonymous_7)
FN:52,(anonymous_8)
FN:65,useAuth
FNF:10
FNH:10
FNDA:8,AuthProvider
FNDA:4,(anonymous_1)
FNDA:2,(anonymous_2)
FNDA:1,(anonymous_3)
FNDA:1,(anonymous_4)
FNDA:2,(anonymous_5)
FNDA:2,(anonymous_6)
FNDA:1,(anonymous_7)
FNDA:1,(anonymous_8)
FNDA:11,useAuth
DA:4,1
DA:7,8
DA:8,8
DA:9,8
DA:10,8
DA:12,8
DA:13,4
DA:14,4
DA:15,4
DA:16,2
DA:17,2
DA:21,2
DA:23,1
DA:24,1
DA:25,1
DA:28,1
DA:29,1
DA:30,1
DA:31,1
DA:34,2
DA:35,2
DA:39,2
DA:40,2
DA:44,8
DA:45,1
DA:46,1
DA:47,1
DA:48,1
DA:49,1
DA:52,8
DA:53,1
DA:54,1
DA:55,1
DA:58,8
DA:66,11
DA:67,11
DA:68,8
LF:37
LH:37
BRDA:15,0,0,2
BRDA:15,0,1,2
BRDA:23,1,0,0
BRDA:23,1,1,1
BRDA:28,2,0,0
BRDA:28,2,1,1
BRDA:34,3,0,2
BRDA:34,3,1,0
BRDA:67,4,0,2
BRDA:67,4,1,9
BRF:10
BRH:7
end_of_record
TN:
SF:src/lib/api.js
FN:4,getStoredToken
FN:8,setStoredToken
FN:12,clearStoredToken
FN:16,apiFetch
FN:46,(anonymous_4)
FN:52,(anonymous_5)
FN:58,(anonymous_6)
FN:61,(anonymous_7)
FN:64,(anonymous_8)
FN:70,(anonymous_9)
FN:79,(anonymous_10)
FN:82,(anonymous_11)
FNF:12
FNH:0
FNDA:0,getStoredToken
FNDA:0,setStoredToken
FNDA:0,clearStoredToken
FNDA:0,apiFetch
FNDA:0,(anonymous_4)
FNDA:0,(anonymous_5)
FNDA:0,(anonymous_6)
FNDA:0,(anonymous_7)
FNDA:0,(anonymous_8)
FNDA:0,(anonymous_9)
FNDA:0,(anonymous_10)
FNDA:0,(anonymous_11)
DA:1,0
DA:2,0
DA:5,0
DA:9,0
DA:13,0
DA:17,0
DA:18,0
DA:19,0
DA:22,0
DA:23,0
DA:24,0
DA:27,0
DA:32,0
DA:33,0
DA:35,0
DA:36,0
DA:37,0
DA:38,0
DA:39,0
DA:42,0
DA:45,0
DA:47,0
DA:53,0
DA:57,0
DA:59,0
DA:62,0
DA:65,0
DA:71,0
DA:78,0
DA:80,0
DA:83,0
LF:31
LH:0
BRDA:1,0,0,0
BRDA:1,0,1,0
BRDA:16,1,0,0
BRDA:17,2,0,0
BRDA:17,2,1,0
BRDA:18,3,0,0
BRDA:18,3,1,0
BRDA:18,4,0,0
BRDA:18,4,1,0
BRDA:23,5,0,0
BRDA:23,5,1,0
BRDA:33,6,0,0
BRDA:33,6,1,0
BRDA:35,7,0,0
BRDA:35,7,1,0
BRDA:36,8,0,0
BRDA:36,8,1,0
BRF:17
BRH:0
end_of_record
TN:
SF:src/pages/ClientPage.jsx
FN:6,ClientPage
FN:15,(anonymous_1)
FN:19,(anonymous_2)
FN:26,(anonymous_3)
FN:30,(anonymous_4)
FN:36,(anonymous_5)
FN:88,handleSubmit
FN:101,(anonymous_7)
FN:104,(anonymous_8)
FN:109,handleReset
FN:118,(anonymous_10)
FN:153,(anonymous_11)
FN:156,(anonymous_12)
FN:188,(anonymous_13)
FNF:14
FNH:0
FNDA:0,ClientPage
FNDA:0,(anonymous_1)
FNDA:0,(anonymous_2)
FNDA:0,(anonymous_3)
FNDA:0,(anonymous_4)
FNDA:0,(anonymous_5)
FNDA:0,handleSubmit
FNDA:0,(anonymous_7)
FNDA:0,(anonymous_8)
FNDA:0,handleReset
FNDA:0,(anonymous_10)
FNDA:0,(anonymous_11)
FNDA:0,(anonymous_12)
FNDA:0,(anonymous_13)
DA:7,0
DA:8,0
DA:9,0
DA:10,0
DA:11,0
DA:12,0
DA:13,0
DA:15,0
DA:16,0
DA:18,0
DA:20,0
DA:21,0
DA:22,0
DA:23,0
DA:27,0
DA:28,0
DA:31,0
DA:32,0
DA:36,0
DA:37,0
DA:42,0
DA:43,0
DA:53,0
DA:54,0
DA:70,0
DA:71,0
DA:89,0
DA:90,0
DA:91,0
DA:92,0
DA:93,0
DA:95,0
DA:96,0
DA:97,0
DA:100,0
DA:102,0
DA:105,0
DA:110,0
DA:111,0
DA:112,0
DA:113,0
DA:114,0
DA:117,0
DA:118,0
DA:119,0
DA:137,0
DA:153,0
DA:157,0
DA:188,0
LF:49
LH:0
BRDA:20,0,0,0
BRDA:20,0,1,0
BRDA:22,1,0,0
BRDA:22,1,1,0
BRDA:27,2,0,0
BRDA:27,2,1,0
BRDA:28,3,0,0
BRDA:28,3,1,0
BRDA:31,4,0,0
BRDA:31,4,1,0
BRDA:42,5,0,0
BRDA:42,5,1,0
BRDA:53,6,0,0
BRDA:53,6,1,0
BRDA:53,7,0,0
BRDA:53,7,1,0
BRDA:70,8,0,0
BRDA:70,8,1,0
BRDA:91,9,0,0
BRDA:91,9,1,0
BRDA:95,10,0,0
BRDA:95,10,1,0
BRDA:105,11,0,0
BRDA:105,11,1,0
BRDA:110,12,0,0
BRDA:110,12,1,0
BRDA:117,13,0,0
BRDA:117,13,1,0
BRDA:128,14,0,0
BRDA:128,14,1,0
BRDA:170,15,0,0
BRDA:170,15,1,0
BRDA:193,16,0,0
BRDA:193,16,1,0
BRF:34
BRH:0
end_of_record
TN:
SF:src/pages/DashboardPage.jsx
FN:5,formatDateTime
FN:16,OfferingCard
FN:19,(anonymous_2)
FN:22,(anonymous_3)
FN:26,(anonymous_4)
FN:28,(anonymous_5)
FN:33,(anonymous_6)
FN:33,(anonymous_7)
FN:55,(anonymous_8)
FN:87,(anonymous_9)
FN:114,(anonymous_10)
FN:116,(anonymous_11)
FN:136,DashboardPage
FN:146,(anonymous_13)
FN:152,(anonymous_14)
FN:160,(anonymous_15)
FN:163,(anonymous_16)
FN:185,(anonymous_17)
FN:189,(anonymous_18)
FN:195,handleAddOffering
FN:209,handleToggleStatus
FN:233,(anonymous_21)
FN:236,(anonymous_22)
FN:237,(anonymous_23)
FN:239,(anonymous_24)
FN:245,(anonymous_25)
FN:249,(anonymous_26)
FN:250,(anonymous_27)
FN:251,(anonymous_28)
FN:252,(anonymous_29)
FN:297,(anonymous_30)
FN:318,(anonymous_31)
FN:332,(anonymous_32)
FN:337,(anonymous_33)
FN:355,(anonymous_34)
FNF:35
FNH:0
FNDA:0,formatDateTime
FNDA:0,OfferingCard
FNDA:0,(anonymous_2)
FNDA:0,(anonymous_3)
FNDA:0,(anonymous_4)
FNDA:0,(anonymous_5)
FNDA:0,(anonymous_6)
FNDA:0,(anonymous_7)
FNDA:0,(anonymous_8)
FNDA:0,(anonymous_9)
FNDA:0,(anonymous_10)
FNDA:0,(anonymous_11)
FNDA:0,DashboardPage
FNDA:0,(anonymous_13)
FNDA:0,(anonymous_14)
FNDA:0,(anonymous_15)
FNDA:0,(anonymous_16)
FNDA:0,(anonymous_17)
FNDA:0,(anonymous_18)
FNDA:0,handleAddOffering
FNDA:0,handleToggleStatus
FNDA:0,(anonymous_21)
FNDA:0,(anonymous_22)
FNDA:0,(anonymous_23)
FNDA:0,(anonymous_24)
FNDA:0,(anonymous_25)
FNDA:0,(anonymous_26)
FNDA:0,(anonymous_27)
FNDA:0,(anonymous_28)
FNDA:0,(anonymous_29)
FNDA:0,(anonymous_30)
FNDA:0,(anonymous_31)
FNDA:0,(anonymous_32)
FNDA:0,(anonymous_33)
FNDA:0,(anonymous_34)
DA:6,0
DA:7,0
DA:17,0
DA:18,0
DA:19,0
DA:21,0
DA:22,0
DA:24,0
DA:26,0
DA:28,0
DA:31,0
DA:33,0
DA:55,0
DA:88,0
DA:89,0
DA:114,0
DA:117,0
DA:137,0
DA:138,0
DA:139,0
DA:140,0
DA:141,0
DA:142,0
DA:143,0
DA:144,0
DA:146,0
DA:147,0
DA:148,0
DA:149,0
DA:152,0
DA:153,0
DA:157,0
DA:160,0
DA:161,0
DA:163,0
DA:164,0
DA:165,0
DA:169,0
DA:170,0
DA:171,0
DA:173,0
DA:174,0
DA:177,0
DA:178,0
DA:183,0
DA:185,0
DA:186,0
DA:189,0
DA:190,0
DA:191,0
DA:196,0
DA:197,0
DA:199,0
DA:200,0
DA:201,0
DA:202,0
DA:203,0
DA:205,0
DA:210,0
DA:211,0
DA:212,0
DA:213,0
DA:215,0
DA:219,0
DA:220,0
DA:230,0
DA:232,0
DA:233,0
DA:236,0
DA:237,0
DA:239,0
DA:240,0
DA:241,0
DA:242,0
DA:245,0
DA:246,0
DA:247,0
DA:248,0
DA:249,0
DA:250,0
DA:251,0
DA:252,0
DA:253,0
DA:255,0
DA:258,0
DA:297,0
DA:318,0
DA:333,0
DA:337,0
DA:356,0
LF:90
LH:0
BRDA:6,0,0,0
BRDA:6,0,1,0
BRDA:21,1,0,0
BRDA:21,1,1,0
BRDA:24,2,0,0
BRDA:24,2,1,0
BRDA:32,3,0,0
BRDA:32,3,1,0
BRDA:37,4,0,0
BRDA:37,4,1,0
BRDA:38,5,0,0
BRDA:38,5,1,0
BRDA:41,6,0,0
BRDA:41,6,1,0
BRDA:44,7,0,0
BRDA:44,7,1,0
BRDA:54,8,0,0
BRDA:54,8,1,0
BRDA:55,9,0,0
BRDA:55,9,1,0
BRDA:56,10,0,0
BRDA:56,10,1,0
BRDA:58,11,0,0
BRDA:58,11,1,0
BRDA:60,12,0,0
BRDA:60,12,1,0
BRDA:64,13,0,0
BRDA:64,13,1,0
BRDA:71,14,0,0
BRDA:71,14,1,0
BRDA:80,15,0,0
BRDA:80,15,1,0
BRDA:88,16,0,0
BRDA:88,16,1,0
BRDA:121,17,0,0
BRDA:121,17,1,0
BRDA:169,18,0,0
BRDA:169,18,1,0
BRDA:173,19,0,0
BRDA:173,19,1,0
BRDA:174,20,0,0
BRDA:174,20,1,0
BRDA:177,21,0,0
BRDA:177,21,1,0
BRDA:197,22,0,0
BRDA:197,22,1,0
BRDA:205,23,0,0
BRDA:205,23,1,0
BRDA:215,24,0,0
BRDA:215,24,1,0
BRDA:219,25,0,0
BRDA:219,25,1,0
BRDA:232,26,0,0
BRDA:232,26,1,0
BRDA:240,27,0,0
BRDA:240,27,1,0
BRDA:241,28,0,0
BRDA:241,28,1,0
BRDA:246,29,0,0
BRDA:246,29,1,0
BRDA:246,30,0,0
BRDA:246,30,1,0
BRDA:246,31,0,0
BRDA:246,31,1,0
BRDA:247,32,0,0
BRDA:247,32,1,0
BRDA:248,33,0,0
BRDA:248,33,1,0
BRDA:251,34,0,0
BRDA:251,34,1,0
BRDA:252,35,0,0
BRDA:252,35,1,0
BRDA:266,36,0,0
BRDA:266,36,1,0
BRDA:282,37,0,0
BRDA:282,37,1,0
BRDA:311,38,0,0
BRDA:311,38,1,0
BRDA:336,39,0,0
BRDA:336,39,1,0
BRDA:345,40,0,0
BRDA:345,40,1,0
BRDA:348,41,0,0
BRDA:348,41,1,0
BRF:84
BRH:0
end_of_record
TN:
SF:src/pages/FacilitatorLoginPage.jsx
FN:5,FacilitatorLoginPage
FN:15,handleSubmit
FN:21,(anonymous_2)
FN:24,(anonymous_3)
FN:28,(anonymous_4)
FN:49,(anonymous_5)
FNF:6
FNH:0
FNDA:0,FacilitatorLoginPage
FNDA:0,handleSubmit
FNDA:0,(anonymous_2)
FNDA:0,(anonymous_3)
FNDA:0,(anonymous_4)
FNDA:0,(anonymous_5)
DA:6,0
DA:7,0
DA:8,0
DA:9,0
DA:11,0
DA:12,0
DA:13,0
DA:16,0
DA:17,0
DA:18,0
DA:20,0
DA:22,0
DA:25,0
DA:26,0
DA:28,0
DA:31,0
DA:49,0
LF:17
LH:0
BRDA:9,0,0,0
BRDA:9,0,1,0
BRDA:25,1,0,0
BRDA:25,1,1,0
BRDA:55,2,0,0
BRDA:55,2,1,0
BRDA:60,3,0,0
BRDA:60,3,1,0
BRDA:62,4,0,0
BRDA:62,4,1,0
BRF:10
BRH:0
end_of_record
