TN:
SF:src/App.jsx
FN:10,App
FNF:1
FNH:0
FNDA:0,App
DA:11,0
LF:1
LH:0
BRF:0
BRH:0
end_of_record
TN:
SF:src/components/Header.jsx
FN:4,Header
FN:8,handleLogout
FN:21,(anonymous_2)
FN:26,(anonymous_3)
FNF:4
FNH:0
FNDA:0,Header
FNDA:0,handleLogout
FNDA:0,(anonymous_2)
FNDA:0,(anonymous_3)
DA:5,0
DA:6,0
DA:9,0
DA:10,0
DA:13,0
DA:21,0
DA:26,0
LF:7
LH:0
BRDA:21,0,0,0
BRDA:21,0,1,0
BRDA:24,1,0,0
BRDA:24,1,1,0
BRDA:26,2,0,0
BRDA:26,2,1,0
BRF:6
BRH:0
end_of_record
TN:
SF:src/components/ProtectedRoute.jsx
FN:4,ProtectedRoute
FNF:1
FNH:1
FNDA:3,ProtectedRoute
DA:5,3
DA:6,3
DA:8,3
DA:9,1
DA:19,2
DA:20,1
DA:23,1
LF:7
LH:7
BRDA:8,0,0,1
BRDA:8,0,1,2
BRDA:19,1,0,1
BRDA:19,1,1,1
BRF:4
BRH:4
end_of_record
TN:
SF:src/components/StarRating.jsx
FN:1,StarRating
FN:7,(anonymous_1)
FN:13,(anonymous_2)
FNF:3
FNH:3
FNDA:2,StarRating
FNDA:10,(anonymous_1)
FNDA:1,(anonymous_2)
DA:2,2
DA:3,2
DA:5,2
DA:8,10
DA:13,1
LF:5
LH:5
BRDA:1,0,0,2
BRDA:1,1,0,2
BRDA:11,2,0,5
BRDA:11,2,1,5
BRDA:11,3,0,5
BRDA:11,3,1,5
BRDA:13,4,0,1
BRDA:13,4,1,5
BRDA:14,5,0,8
BRDA:14,5,1,2
BRF:10
BRH:10
end_of_record
TN:
SF:src/context/AuthContext.jsx
FN:6,AuthProvider
FN:11,(anonymous_1)
FN:19,(anonymous_2)
FN:23,(anonymous_3)
FN:28,(anonymous_4)
FN:31,(anonymous_5)
FN:39,(anonymous_6)
FN:52,useAuth
FNF:8
FNH:8
FNDA:10,AuthProvider
FNDA:4,(anonymous_1)
FNDA:1,(anonymous_2)
FNDA:1,(anonymous_3)
FNDA:2,(anonymous_4)
FNDA:1,(anonymous_5)
FNDA:1,(anonymous_6)
FNDA:13,useAuth
DA:4,1
DA:7,10
DA:8,10
DA:9,10
DA:11,10
DA:12,4
DA:13,4
DA:14,2
DA:15,2
DA:18,2
DA:20,1
DA:21,1
DA:24,1
DA:25,1
DA:26,1
DA:28,2
DA:31,10
DA:32,1
DA:33,1
DA:34,1
DA:35,1
DA:36,1
DA:39,10
DA:40,1
DA:41,1
DA:42,1
DA:45,10
DA:53,13
DA:54,13
DA:55,10
LF:30
LH:30
BRDA:13,0,0,2
BRDA:13,0,1,2
BRDA:54,1,0,2
BRDA:54,1,1,11
BRF:4
BRH:4
end_of_record
TN:
SF:src/lib/api.js
FN:4,getStoredToken
FN:8,setStoredToken
FN:12,clearStoredToken
FN:16,apiFetch
FN:46,(anonymous_4)
FN:52,(anonymous_5)
FN:58,(anonymous_6)
FN:61,(anonymous_7)
FN:64,(anonymous_8)
FN:70,(anonymous_9)
FN:79,(anonymous_10)
FN:82,(anonymous_11)
FNF:12
FNH:0
FNDA:0,getStoredToken
FNDA:0,setStoredToken
FNDA:0,clearStoredToken
FNDA:0,apiFetch
FNDA:0,(anonymous_4)
FNDA:0,(anonymous_5)
FNDA:0,(anonymous_6)
FNDA:0,(anonymous_7)
FNDA:0,(anonymous_8)
FNDA:0,(anonymous_9)
FNDA:0,(anonymous_10)
FNDA:0,(anonymous_11)
DA:1,0
DA:2,0
DA:5,0
DA:9,0
DA:13,0
DA:17,0
DA:18,0
DA:19,0
DA:22,0
DA:23,0
DA:24,0
DA:27,0
DA:32,0
DA:33,0
DA:35,0
DA:36,0
DA:37,0
DA:38,0
DA:39,0
DA:42,0
DA:45,0
DA:47,0
DA:53,0
DA:57,0
DA:59,0
DA:62,0
DA:65,0
DA:71,0
DA:78,0
DA:80,0
DA:83,0
LF:31
LH:0
BRDA:1,0,0,0
BRDA:1,0,1,0
BRDA:16,1,0,0
BRDA:17,2,0,0
BRDA:17,2,1,0
BRDA:18,3,0,0
BRDA:18,3,1,0
BRDA:18,4,0,0
BRDA:18,4,1,0
BRDA:23,5,0,0
BRDA:23,5,1,0
BRDA:33,6,0,0
BRDA:33,6,1,0
BRDA:35,7,0,0
BRDA:35,7,1,0
BRDA:36,8,0,0
BRDA:36,8,1,0
BRF:17
BRH:0
end_of_record
TN:
SF:src/pages/ClientPage.jsx
FN:6,ClientPage
FN:15,(anonymous_1)
FN:19,(anonymous_2)
FN:23,(anonymous_3)
FN:27,(anonymous_4)
FN:33,(anonymous_5)
FN:39,(anonymous_6)
FN:91,handleSubmit
FN:104,(anonymous_8)
FN:107,(anonymous_9)
FN:112,handleReset
FN:121,(anonymous_11)
FN:156,(anonymous_12)
FN:159,(anonymous_13)
FN:191,(anonymous_14)
FNF:15
FNH:0
FNDA:0,ClientPage
FNDA:0,(anonymous_1)
FNDA:0,(anonymous_2)
FNDA:0,(anonymous_3)
FNDA:0,(anonymous_4)
FNDA:0,(anonymous_5)
FNDA:0,(anonymous_6)
FNDA:0,handleSubmit
FNDA:0,(anonymous_8)
FNDA:0,(anonymous_9)
FNDA:0,handleReset
FNDA:0,(anonymous_11)
FNDA:0,(anonymous_12)
FNDA:0,(anonymous_13)
FNDA:0,(anonymous_14)
DA:7,0
DA:8,0
DA:9,0
DA:10,0
DA:11,0
DA:12,0
DA:13,0
DA:15,0
DA:16,0
DA:18,0
DA:20,0
DA:21,0
DA:24,0
DA:25,0
DA:28,0
DA:29,0
DA:33,0
DA:34,0
DA:39,0
DA:40,0
DA:41,0
DA:45,0
DA:46,0
DA:56,0
DA:57,0
DA:73,0
DA:74,0
DA:92,0
DA:93,0
DA:94,0
DA:95,0
DA:96,0
DA:98,0
DA:99,0
DA:100,0
DA:103,0
DA:105,0
DA:108,0
DA:113,0
DA:114,0
DA:115,0
DA:116,0
DA:117,0
DA:120,0
DA:121,0
DA:122,0
DA:140,0
DA:156,0
DA:160,0
DA:191,0
LF:50
LH:0
BRDA:20,0,0,0
BRDA:20,0,1,0
BRDA:24,1,0,0
BRDA:24,1,1,0
BRDA:25,2,0,0
BRDA:25,2,1,0
BRDA:28,3,0,0
BRDA:28,3,1,0
BRDA:40,4,0,0
BRDA:40,4,1,0
BRDA:45,5,0,0
BRDA:45,5,1,0
BRDA:56,6,0,0
BRDA:56,6,1,0
BRDA:56,7,0,0
BRDA:56,7,1,0
BRDA:73,8,0,0
BRDA:73,8,1,0
BRDA:94,9,0,0
BRDA:94,9,1,0
BRDA:98,10,0,0
BRDA:98,10,1,0
BRDA:108,11,0,0
BRDA:108,11,1,0
BRDA:113,12,0,0
BRDA:113,12,1,0
BRDA:120,13,0,0
BRDA:120,13,1,0
BRDA:131,14,0,0
BRDA:131,14,1,0
BRDA:173,15,0,0
BRDA:173,15,1,0
BRDA:196,16,0,0
BRDA:196,16,1,0
BRF:34
BRH:0
end_of_record
TN:
SF:src/pages/DashboardPage.jsx
FN:5,formatDateTime
FN:16,OfferingCard
FN:19,(anonymous_2)
FN:22,(anonymous_3)
FN:26,(anonymous_4)
FN:28,(anonymous_5)
FN:33,(anonymous_6)
FN:33,(anonymous_7)
FN:55,(anonymous_8)
FN:87,(anonymous_9)
FN:114,(anonymous_10)
FN:116,(anonymous_11)
FN:136,DashboardPage
FN:146,(anonymous_13)
FN:156,(anonymous_14)
FN:160,(anonymous_15)
FN:165,(anonymous_16)
FN:171,(anonymous_17)
FN:172,(anonymous_18)
FN:175,(anonymous_19)
FN:181,handleAddOffering
FN:195,handleToggleStatus
FN:219,(anonymous_22)
FN:222,(anonymous_23)
FN:223,(anonymous_24)
FN:225,(anonymous_25)
FN:231,(anonymous_26)
FN:235,(anonymous_27)
FN:236,(anonymous_28)
FN:237,(anonymous_29)
FN:238,(anonymous_30)
FN:283,(anonymous_31)
FN:304,(anonymous_32)
FN:318,(anonymous_33)
FN:323,(anonymous_34)
FN:341,(anonymous_35)
FNF:36
FNH:0
FNDA:0,formatDateTime
FNDA:0,OfferingCard
FNDA:0,(anonymous_2)
FNDA:0,(anonymous_3)
FNDA:0,(anonymous_4)
FNDA:0,(anonymous_5)
FNDA:0,(anonymous_6)
FNDA:0,(anonymous_7)
FNDA:0,(anonymous_8)
FNDA:0,(anonymous_9)
FNDA:0,(anonymous_10)
FNDA:0,(anonymous_11)
FNDA:0,DashboardPage
FNDA:0,(anonymous_13)
FNDA:0,(anonymous_14)
FNDA:0,(anonymous_15)
FNDA:0,(anonymous_16)
FNDA:0,(anonymous_17)
FNDA:0,(anonymous_18)
FNDA:0,(anonymous_19)
FNDA:0,handleAddOffering
FNDA:0,handleToggleStatus
FNDA:0,(anonymous_22)
FNDA:0,(anonymous_23)
FNDA:0,(anonymous_24)
FNDA:0,(anonymous_25)
FNDA:0,(anonymous_26)
FNDA:0,(anonymous_27)
FNDA:0,(anonymous_28)
FNDA:0,(anonymous_29)
FNDA:0,(anonymous_30)
FNDA:0,(anonymous_31)
FNDA:0,(anonymous_32)
FNDA:0,(anonymous_33)
FNDA:0,(anonymous_34)
FNDA:0,(anonymous_35)
DA:6,0
DA:7,0
DA:17,0
DA:18,0
DA:19,0
DA:21,0
DA:22,0
DA:24,0
DA:26,0
DA:28,0
DA:31,0
DA:33,0
DA:55,0
DA:88,0
DA:89,0
DA:114,0
DA:117,0
DA:137,0
DA:138,0
DA:139,0
DA:140,0
DA:141,0
DA:142,0
DA:143,0
DA:144,0
DA:146,0
DA:147,0
DA:151,0
DA:152,0
DA:153,0
DA:156,0
DA:157,0
DA:159,0
DA:161,0
DA:162,0
DA:166,0
DA:167,0
DA:171,0
DA:172,0
DA:175,0
DA:176,0
DA:177,0
DA:182,0
DA:183,0
DA:185,0
DA:186,0
DA:187,0
DA:188,0
DA:189,0
DA:191,0
DA:196,0
DA:197,0
DA:198,0
DA:199,0
DA:201,0
DA:205,0
DA:206,0
DA:216,0
DA:218,0
DA:219,0
DA:222,0
DA:223,0
DA:225,0
DA:226,0
DA:227,0
DA:228,0
DA:231,0
DA:232,0
DA:233,0
DA:234,0
DA:235,0
DA:236,0
DA:237,0
DA:238,0
DA:239,0
DA:241,0
DA:244,0
DA:283,0
DA:304,0
DA:319,0
DA:323,0
DA:342,0
LF:82
LH:0
BRDA:6,0,0,0
BRDA:6,0,1,0
BRDA:21,1,0,0
BRDA:21,1,1,0
BRDA:24,2,0,0
BRDA:24,2,1,0
BRDA:32,3,0,0
BRDA:32,3,1,0
BRDA:37,4,0,0
BRDA:37,4,1,0
BRDA:38,5,0,0
BRDA:38,5,1,0
BRDA:41,6,0,0
BRDA:41,6,1,0
BRDA:44,7,0,0
BRDA:44,7,1,0
BRDA:54,8,0,0
BRDA:54,8,1,0
BRDA:55,9,0,0
BRDA:55,9,1,0
BRDA:56,10,0,0
BRDA:56,10,1,0
BRDA:58,11,0,0
BRDA:58,11,1,0
BRDA:60,12,0,0
BRDA:60,12,1,0
BRDA:64,13,0,0
BRDA:64,13,1,0
BRDA:71,14,0,0
BRDA:71,14,1,0
BRDA:80,15,0,0
BRDA:80,15,1,0
BRDA:88,16,0,0
BRDA:88,16,1,0
BRDA:121,17,0,0
BRDA:121,17,1,0
BRDA:161,18,0,0
BRDA:161,18,1,0
BRDA:162,19,0,0
BRDA:162,19,1,0
BRDA:166,20,0,0
BRDA:166,20,1,0
BRDA:183,21,0,0
BRDA:183,21,1,0
BRDA:191,22,0,0
BRDA:191,22,1,0
BRDA:201,23,0,0
BRDA:201,23,1,0
BRDA:205,24,0,0
BRDA:205,24,1,0
BRDA:218,25,0,0
BRDA:218,25,1,0
BRDA:226,26,0,0
BRDA:226,26,1,0
BRDA:227,27,0,0
BRDA:227,27,1,0
BRDA:232,28,0,0
BRDA:232,28,1,0
BRDA:232,29,0,0
BRDA:232,29,1,0
BRDA:232,30,0,0
BRDA:232,30,1,0
BRDA:233,31,0,0
BRDA:233,31,1,0
BRDA:234,32,0,0
BRDA:234,32,1,0
BRDA:237,33,0,0
BRDA:237,33,1,0
BRDA:238,34,0,0
BRDA:238,34,1,0
BRDA:252,35,0,0
BRDA:252,35,1,0
BRDA:268,36,0,0
BRDA:268,36,1,0
BRDA:297,37,0,0
BRDA:297,37,1,0
BRDA:322,38,0,0
BRDA:322,38,1,0
BRDA:331,39,0,0
BRDA:331,39,1,0
BRDA:334,40,0,0
BRDA:334,40,1,0
BRF:82
BRH:0
end_of_record
TN:
SF:src/pages/FacilitatorLoginPage.jsx
FN:5,FacilitatorLoginPage
FN:15,handleSubmit
FN:21,(anonymous_2)
FN:24,(anonymous_3)
FN:28,(anonymous_4)
FN:49,(anonymous_5)
FNF:6
FNH:0
FNDA:0,FacilitatorLoginPage
FNDA:0,handleSubmit
FNDA:0,(anonymous_2)
FNDA:0,(anonymous_3)
FNDA:0,(anonymous_4)
FNDA:0,(anonymous_5)
DA:6,0
DA:7,0
DA:8,0
DA:9,0
DA:11,0
DA:12,0
DA:13,0
DA:16,0
DA:17,0
DA:18,0
DA:20,0
DA:22,0
DA:25,0
DA:26,0
DA:28,0
DA:31,0
DA:49,0
LF:17
LH:0
BRDA:9,0,0,0
BRDA:9,0,1,0
BRDA:25,1,0,0
BRDA:25,1,1,0
BRDA:55,2,0,0
BRDA:55,2,1,0
BRDA:60,3,0,0
BRDA:60,3,1,0
BRDA:62,4,0,0
BRDA:62,4,1,0
BRF:10
BRH:0
end_of_record
